{
  "stats": {
    "suites": 12,
    "tests": 41,
    "passes": 22,
    "pending": 0,
    "failures": 19,
    "start": "2021-07-12T19:45:15.498Z",
    "end": "2021-07-12T19:47:00.001Z",
    "duration": 104503,
    "testsRegistered": 41,
    "passPercent": 53.65853658536586,
    "pendingPercent": 0,
    "other": 0,
    "hasOther": false,
    "skipped": 0,
    "hasSkipped": false
  },
  "results": [
    {
      "uuid": "39890444-82fb-49ed-b5cb-b13827dd78e4",
      "title": "",
      "fullFile": "cypress/integration/project.spec.js",
      "file": "cypress/integration/project.spec.js",
      "beforeHooks": [],
      "afterHooks": [],
      "tests": [],
      "suites": [
        {
          "uuid": "5d349dc6-3c54-49a1-be7b-bdc36364e424",
          "title": "1 - Adicione à página o título \"Paleta de Cores\".",
          "fullFile": "",
          "file": "",
          "beforeHooks": [],
          "afterHooks": [],
          "tests": [
            {
              "title": "Verifica se contém um elemento `h1` com o id `title` com o título correto",
              "fullTitle": "1 - Adicione à página o título \"Paleta de Cores\". Verifica se contém um elemento `h1` com o id `title` com o título correto",
              "timedOut": null,
              "duration": 203,
              "state": "passed",
              "speed": "slow",
              "pass": true,
              "fail": false,
              "pending": false,
              "context": null,
              "code": "cy.get('h1#title').should('contain.text', 'Paleta de Cores');",
              "err": {},
              "uuid": "5b9e840b-644f-48cc-9b0d-12855cab23b0",
              "parentUUID": "5d349dc6-3c54-49a1-be7b-bdc36364e424",
              "isHook": false,
              "skipped": false
            }
          ],
          "suites": [],
          "passes": [
            "5b9e840b-644f-48cc-9b0d-12855cab23b0"
          ],
          "failures": [],
          "pending": [],
          "skipped": [],
          "duration": 203,
          "root": false,
          "rootEmpty": false,
          "_timeout": 2000
        },
        {
          "uuid": "a4cfa1c6-dec7-4d3e-841a-120aea4100ae",
          "title": "2 - Adicione à página uma paleta de quatro cores distintas.",
          "fullFile": "",
          "file": "",
          "beforeHooks": [],
          "afterHooks": [],
          "tests": [
            {
              "title": "A paleta de cores deve ser um elemento com `id` denominado `color-palette`",
              "fullTitle": "2 - Adicione à página uma paleta de quatro cores distintas. A paleta de cores deve ser um elemento com `id` denominado `color-palette`",
              "timedOut": null,
              "duration": 142,
              "state": "passed",
              "speed": "slow",
              "pass": true,
              "fail": false,
              "pending": false,
              "context": null,
              "code": "cy.get('#color-palette').should('be.visible');",
              "err": {},
              "uuid": "ea885ce4-44da-4851-914b-a03fc7cff3e0",
              "parentUUID": "a4cfa1c6-dec7-4d3e-841a-120aea4100ae",
              "isHook": false,
              "skipped": false
            },
            {
              "title": "Verifica se cada cor individual da paleta de cores possui a `classe` chamada `color`.",
              "fullTitle": "2 - Adicione à página uma paleta de quatro cores distintas. Verifica se cada cor individual da paleta de cores possui a `classe` chamada `color`.",
              "timedOut": null,
              "duration": 179,
              "state": "passed",
              "speed": "slow",
              "pass": true,
              "fail": false,
              "pending": false,
              "context": null,
              "code": "cy.get('.color').should('have.length', 4).then(function (colors) {\n  for (var i = 0; i < colors.length; i++) {\n    cy.wrap(colors[i]).should('be.visible');\n  }\n});",
              "err": {},
              "uuid": "b8c9cb86-2d44-434d-b4da-bc92c7039a2b",
              "parentUUID": "a4cfa1c6-dec7-4d3e-841a-120aea4100ae",
              "isHook": false,
              "skipped": false
            },
            {
              "title": "Verifica se a cor de fundo de cada elemento da paleta é a cor que o elemento representa. **A única cor não permitida na paleta é a cor branca.**",
              "fullTitle": "2 - Adicione à página uma paleta de quatro cores distintas. Verifica se a cor de fundo de cada elemento da paleta é a cor que o elemento representa. **A única cor não permitida na paleta é a cor branca.**",
              "timedOut": null,
              "duration": 196,
              "state": "passed",
              "speed": "slow",
              "pass": true,
              "fail": false,
              "pending": false,
              "context": null,
              "code": "cy.get('.color').each(function (color) {\n  cy.wrap(color).should('have.class', 'color').and('not.have.css', 'background-color', WHITE);\n  cy.wrap(color).should('have.css', 'background-color');\n});",
              "err": {},
              "uuid": "a9e017e6-a3e3-4e04-8456-431b4a057104",
              "parentUUID": "a4cfa1c6-dec7-4d3e-841a-120aea4100ae",
              "isHook": false,
              "skipped": false
            },
            {
              "title": "Verifica se cada elemento da paleta de cores tem uma borda preta, sólida e com 1 pixel de largura;",
              "fullTitle": "2 - Adicione à página uma paleta de quatro cores distintas. Verifica se cada elemento da paleta de cores tem uma borda preta, sólida e com 1 pixel de largura;",
              "timedOut": null,
              "duration": 187,
              "state": "passed",
              "speed": "slow",
              "pass": true,
              "fail": false,
              "pending": false,
              "context": null,
              "code": "cy.get('.color').each(function (color) {\n  cy.wrap(color).and('have.css', 'border', \"1px solid \".concat(BLACK)).and('have.class', 'color');\n});",
              "err": {},
              "uuid": "2a92846b-9683-4d08-ab5f-f2b82f22a2cf",
              "parentUUID": "a4cfa1c6-dec7-4d3e-841a-120aea4100ae",
              "isHook": false,
              "skipped": false
            },
            {
              "title": "Verifica se a paleta lista todas as cores disponíveis para utilização, lado a lado.",
              "fullTitle": "2 - Adicione à página uma paleta de quatro cores distintas. Verifica se a paleta lista todas as cores disponíveis para utilização, lado a lado.",
              "timedOut": null,
              "duration": 130,
              "state": "passed",
              "speed": "slow",
              "pass": true,
              "fail": false,
              "pending": false,
              "context": null,
              "code": "cy.get('.color').then(function (colors) {\n  for (var index = 1; index < colors.length; index += 1) {\n    var currentColor = colors[index];\n    var previousColor = colors[index - 1];\n    cy.wrap(currentColor).should('be.onTheRightOf', previousColor).and('be.horizontallyAlignedWith', previousColor);\n  }\n});",
              "err": {},
              "uuid": "170900da-31e8-4320-93de-1730c95fdea8",
              "parentUUID": "a4cfa1c6-dec7-4d3e-841a-120aea4100ae",
              "isHook": false,
              "skipped": false
            },
            {
              "title": "Verifica se a paleta de cores está posicionada abaixo do título 'Paleta de Cores'",
              "fullTitle": "2 - Adicione à página uma paleta de quatro cores distintas. Verifica se a paleta de cores está posicionada abaixo do título 'Paleta de Cores'",
              "timedOut": null,
              "duration": 105,
              "state": "passed",
              "speed": "slow",
              "pass": true,
              "fail": false,
              "pending": false,
              "context": null,
              "code": "cy.get('h1#title').then(function (title) {\n  cy.get('#color-palette').should('be.belowOf', title);\n});",
              "err": {},
              "uuid": "a28fe39e-3b9c-4c96-a178-522605cddc62",
              "parentUUID": "a4cfa1c6-dec7-4d3e-841a-120aea4100ae",
              "isHook": false,
              "skipped": false
            },
            {
              "title": "Verifica se a paleta de cores não contém cores repetidas.",
              "fullTitle": "2 - Adicione à página uma paleta de quatro cores distintas. Verifica se a paleta de cores não contém cores repetidas.",
              "timedOut": null,
              "duration": 104,
              "state": "passed",
              "speed": "slow",
              "pass": true,
              "fail": false,
              "pending": false,
              "context": null,
              "code": "cy.get('.color').then(function (colors) {\n  var allColors = Array.from(colors).map(function (color) {\n    return Cypress.$(color).css('background-color');\n  });\n  cy.log(allColors);\n  var uniqColors = (0, _toConsumableArray2[\"default\"])(new Set(allColors));\n  cy.log(uniqColors);\n  expect(allColors.length).to.eq(uniqColors.length);\n});",
              "err": {},
              "uuid": "7d15ce32-57ae-4d8b-832b-0cf57b5ec7c4",
              "parentUUID": "a4cfa1c6-dec7-4d3e-841a-120aea4100ae",
              "isHook": false,
              "skipped": false
            }
          ],
          "suites": [],
          "passes": [
            "ea885ce4-44da-4851-914b-a03fc7cff3e0",
            "b8c9cb86-2d44-434d-b4da-bc92c7039a2b",
            "a9e017e6-a3e3-4e04-8456-431b4a057104",
            "2a92846b-9683-4d08-ab5f-f2b82f22a2cf",
            "170900da-31e8-4320-93de-1730c95fdea8",
            "a28fe39e-3b9c-4c96-a178-522605cddc62",
            "7d15ce32-57ae-4d8b-832b-0cf57b5ec7c4"
          ],
          "failures": [],
          "pending": [],
          "skipped": [],
          "duration": 1043,
          "root": false,
          "rootEmpty": false,
          "_timeout": 2000
        },
        {
          "uuid": "198a1556-c9c7-4e0c-92cd-d9de56cbe026",
          "title": "3 - Adicione a cor **preta** como a primeira cor da paleta de cores.",
          "fullFile": "",
          "file": "",
          "beforeHooks": [],
          "afterHooks": [],
          "tests": [
            {
              "title": "Verifica se a primeira cor da paleta é preta",
              "fullTitle": "3 - Adicione a cor **preta** como a primeira cor da paleta de cores. Verifica se a primeira cor da paleta é preta",
              "timedOut": null,
              "duration": 93,
              "state": "passed",
              "speed": "slow",
              "pass": true,
              "fail": false,
              "pending": false,
              "context": null,
              "code": "cy.get('.color').first().should('have.css', 'background-color', BLACK);",
              "err": {},
              "uuid": "7e64caf9-13b0-4131-9f40-484cb6eba293",
              "parentUUID": "198a1556-c9c7-4e0c-92cd-d9de56cbe026",
              "isHook": false,
              "skipped": false
            },
            {
              "title": "Verifica se as demais cores podem ser escolhidas livremente.",
              "fullTitle": "3 - Adicione a cor **preta** como a primeira cor da paleta de cores. Verifica se as demais cores podem ser escolhidas livremente.",
              "timedOut": null,
              "duration": 199,
              "state": "passed",
              "speed": "slow",
              "pass": true,
              "fail": false,
              "pending": false,
              "context": null,
              "code": "cy.get('.color').eq(1).should('not.have.css', 'background-color', BLACK);\ncy.get('.color').eq(1).should('not.have.css', 'background-color', WHITE);\ncy.get('.color').eq(1).should('not.have.css', 'background-color', 'rgba(0, 0, 0, 0)');\ncy.get('.color').eq(1).should('have.css', 'background-color');\ncy.get('.color').eq(2).should('not.have.css', 'background-color', BLACK);\ncy.get('.color').eq(2).should('not.have.css', 'background-color', WHITE);\ncy.get('.color').eq(2).should('not.have.css', 'background-color', 'rgba(0, 0, 0, 0)');\ncy.get('.color').eq(2).should('have.css', 'background-color');\ncy.get('.color').eq(3).should('not.have.css', 'background-color', BLACK);\ncy.get('.color').eq(3).should('not.have.css', 'background-color', WHITE);\ncy.get('.color').eq(3).should('not.have.css', 'background-color', 'rgba(0, 0, 0, 0)');\ncy.get('.color').eq(3).should('have.css', 'background-color');",
              "err": {},
              "uuid": "85239adb-02e8-43e5-a836-033480d3e7d7",
              "parentUUID": "198a1556-c9c7-4e0c-92cd-d9de56cbe026",
              "isHook": false,
              "skipped": false
            }
          ],
          "suites": [],
          "passes": [
            "7e64caf9-13b0-4131-9f40-484cb6eba293",
            "85239adb-02e8-43e5-a836-033480d3e7d7"
          ],
          "failures": [],
          "pending": [],
          "skipped": [],
          "duration": 292,
          "root": false,
          "rootEmpty": false,
          "_timeout": 2000
        },
        {
          "uuid": "96f6a4a1-d180-44ef-b49e-9b7bccb87cb3",
          "title": "4 - Adicione à página um quadro de pixels, com 25 pixels.",
          "fullFile": "",
          "file": "",
          "beforeHooks": [],
          "afterHooks": [],
          "tests": [
            {
              "title": "Verifica se o quadro de pixels possui o `id` denominado `pixel-board`",
              "fullTitle": "4 - Adicione à página um quadro de pixels, com 25 pixels. Verifica se o quadro de pixels possui o `id` denominado `pixel-board`",
              "timedOut": null,
              "duration": 92,
              "state": "passed",
              "speed": "slow",
              "pass": true,
              "fail": false,
              "pending": false,
              "context": null,
              "code": "cy.get('#pixel-board').should('be.visible');",
              "err": {},
              "uuid": "569459a4-2882-4e4e-8c39-5e5cbf0b5d77",
              "parentUUID": "96f6a4a1-d180-44ef-b49e-9b7bccb87cb3",
              "isHook": false,
              "skipped": false
            },
            {
              "title": "Verifica se cada pixel individual dentro do quadro possui a `classe` denominada `pixel`.",
              "fullTitle": "4 - Adicione à página um quadro de pixels, com 25 pixels. Verifica se cada pixel individual dentro do quadro possui a `classe` denominada `pixel`.",
              "timedOut": null,
              "duration": 183,
              "state": "passed",
              "speed": "slow",
              "pass": true,
              "fail": false,
              "pending": false,
              "context": null,
              "code": "cy.get('.pixel').should('have.length', 25);",
              "err": {},
              "uuid": "80c9b7c6-155f-4b2d-9c9b-a4b193ef10e6",
              "parentUUID": "96f6a4a1-d180-44ef-b49e-9b7bccb87cb3",
              "isHook": false,
              "skipped": false
            },
            {
              "title": "Verifica se a cor inicial dos pixels dentro do quadro, ao abrir a página, é branca.",
              "fullTitle": "4 - Adicione à página um quadro de pixels, com 25 pixels. Verifica se a cor inicial dos pixels dentro do quadro, ao abrir a página, é branca.",
              "timedOut": null,
              "duration": 238,
              "state": "passed",
              "speed": "slow",
              "pass": true,
              "fail": false,
              "pending": false,
              "context": null,
              "code": "cy.get('.pixel').should('have.length', 25).each(function (pixel) {\n  expect(pixel).to.have.css('background-color', WHITE);\n});",
              "err": {},
              "uuid": "623ca5d8-1c55-49a5-becb-5f48ea574ab1",
              "parentUUID": "96f6a4a1-d180-44ef-b49e-9b7bccb87cb3",
              "isHook": false,
              "skipped": false
            },
            {
              "title": "Verifica se o quadro de pixels aparece abaixo da paleta de cores",
              "fullTitle": "4 - Adicione à página um quadro de pixels, com 25 pixels. Verifica se o quadro de pixels aparece abaixo da paleta de cores",
              "timedOut": null,
              "duration": 100,
              "state": "passed",
              "speed": "slow",
              "pass": true,
              "fail": false,
              "pending": false,
              "context": null,
              "code": "cy.get('#color-palette').then(function (palette) {\n  cy.get('#pixel-board').should('be.belowOf', palette);\n});",
              "err": {},
              "uuid": "67738bbc-4643-4001-a390-538424be4d4c",
              "parentUUID": "96f6a4a1-d180-44ef-b49e-9b7bccb87cb3",
              "isHook": false,
              "skipped": false
            }
          ],
          "suites": [],
          "passes": [
            "569459a4-2882-4e4e-8c39-5e5cbf0b5d77",
            "80c9b7c6-155f-4b2d-9c9b-a4b193ef10e6",
            "623ca5d8-1c55-49a5-becb-5f48ea574ab1",
            "67738bbc-4643-4001-a390-538424be4d4c"
          ],
          "failures": [],
          "pending": [],
          "skipped": [],
          "duration": 613,
          "root": false,
          "rootEmpty": false,
          "_timeout": 2000
        },
        {
          "uuid": "86ba3673-3d94-4259-b81a-4d93351afa32",
          "title": "5 - Faça com que cada elemento do quadro de pixels possua 40 pixels de largura, 40 pixels de altura e seja delimitado por uma borda preta de 1 pixel.",
          "fullFile": "",
          "file": "",
          "beforeHooks": [],
          "afterHooks": [],
          "tests": [
            {
              "title": "Verifica se o quadro de pixels tem altura e comprimento de 5 elementos",
              "fullTitle": "5 - Faça com que cada elemento do quadro de pixels possua 40 pixels de largura, 40 pixels de altura e seja delimitado por uma borda preta de 1 pixel. Verifica se o quadro de pixels tem altura e comprimento de 5 elementos",
              "timedOut": null,
              "duration": 381,
              "state": "passed",
              "speed": "slow",
              "pass": true,
              "fail": false,
              "pending": false,
              "context": null,
              "code": "cy.get('.pixel').should('have.length', 25).each(function (pixel) {\n  expect(pixel).to.have.css('background-color', WHITE);\n}).and(function (pixels) {\n  var rows = chunk(pixels, 5);\n  rows.forEach(function (row) {\n    for (var index = 1; index < row.length; index += 1) {\n      var current = pixels[index];\n      var previous = pixels[index - 1];\n      cy.wrap(current).should('be.onTheRightOf', previous).and('be.horizontallyAlignedWith', previous);\n    }\n  });\n  for (var index = 1; index < 5; index += 1) {\n    expect(pixels[index * 5]).to.be.belowOf(pixels[(index - 1) * 5]);\n  }\n});",
              "err": {},
              "uuid": "1f0b2abc-5f86-4bec-b973-837624a1a5e4",
              "parentUUID": "86ba3673-3d94-4259-b81a-4d93351afa32",
              "isHook": false,
              "skipped": false
            },
            {
              "title": "Verifica se 40 pixels é o tamanho total do elemento, incluindo seu conteúdo e excluindo a borda preta, que deve ser criada à parte.",
              "fullTitle": "5 - Faça com que cada elemento do quadro de pixels possua 40 pixels de largura, 40 pixels de altura e seja delimitado por uma borda preta de 1 pixel. Verifica se 40 pixels é o tamanho total do elemento, incluindo seu conteúdo e excluindo a borda preta, que deve ser criada à parte.",
              "timedOut": null,
              "duration": 317,
              "state": "passed",
              "speed": "slow",
              "pass": true,
              "fail": false,
              "pending": false,
              "context": null,
              "code": "cy.get('.pixel').each(function (pixel) {\n  cy.wrap(pixel).should('have.css', 'height', '40px').and('have.css', 'width', '40px').and('have.css', 'border', \"1px solid \".concat(BLACK));\n});",
              "err": {},
              "uuid": "3345e4bd-eb36-4d80-a6c9-75bcae8ae1c4",
              "parentUUID": "86ba3673-3d94-4259-b81a-4d93351afa32",
              "isHook": false,
              "skipped": false
            }
          ],
          "suites": [],
          "passes": [
            "1f0b2abc-5f86-4bec-b973-837624a1a5e4",
            "3345e4bd-eb36-4d80-a6c9-75bcae8ae1c4"
          ],
          "failures": [],
          "pending": [],
          "skipped": [],
          "duration": 698,
          "root": false,
          "rootEmpty": false,
          "_timeout": 2000
        },
        {
          "uuid": "7f56da49-d099-4cb7-93d6-7ecb979ef7e2",
          "title": "6 - Defina a cor preta como cor inicial. Ao carregar a página a cor preta já deve estar selecionada para pintar os pixels",
          "fullFile": "",
          "file": "",
          "beforeHooks": [],
          "afterHooks": [],
          "tests": [
            {
              "title": "Verifica se o elemento da cor preta possui, inicialmente, a `classe` `selected`",
              "fullTitle": "6 - Defina a cor preta como cor inicial. Ao carregar a página a cor preta já deve estar selecionada para pintar os pixels Verifica se o elemento da cor preta possui, inicialmente, a `classe` `selected`",
              "timedOut": null,
              "duration": 85,
              "state": "passed",
              "speed": "slow",
              "pass": true,
              "fail": false,
              "pending": false,
              "context": null,
              "code": "cy.get('.selected').first().should('have.css', 'background-color', BLACK);",
              "err": {},
              "uuid": "45f65034-d91d-4055-95bb-bc967f5060a8",
              "parentUUID": "7f56da49-d099-4cb7-93d6-7ecb979ef7e2",
              "isHook": false,
              "skipped": false
            },
            {
              "title": "Verifica se nenhuma outra cor da paleta tem a `classe` `selected`",
              "fullTitle": "6 - Defina a cor preta como cor inicial. Ao carregar a página a cor preta já deve estar selecionada para pintar os pixels Verifica se nenhuma outra cor da paleta tem a `classe` `selected`",
              "timedOut": null,
              "duration": 4268,
              "state": "failed",
              "speed": null,
              "pass": false,
              "fail": true,
              "pending": false,
              "context": null,
              "code": "cy.get('.color:not(:first-child)').each(function (color) {\n  cy.wrap(color).should('not.have.class', 'selected');\n});",
              "err": {
                "message": "CypressError: Timed out retrying: expected '<div#color0.color.selected>' not to have class 'selected'",
                "estack": "CypressError: Timed out retrying: expected '<div#color0.color.selected>' not to have class 'selected'\n    at cypressErr (http://localhost:43473/__cypress/runner/cypress_runner.js:149934:9)\n    at throwErr (http://localhost:43473/__cypress/runner/cypress_runner.js:149867:11)\n    at Object.throwErrByPath (http://localhost:43473/__cypress/runner/cypress_runner.js:149915:3)\n    at retry (http://localhost:43473/__cypress/runner/cypress_runner.js:144197:19)\n    at onFailFn (http://localhost:43473/__cypress/runner/cypress_runner.js:132448:16)\n    at tryCatcher (http://localhost:43473/__cypress/runner/cypress_runner.js:167415:23)\n    at Promise._settlePromiseFromHandler (http://localhost:43473/__cypress/runner/cypress_runner.js:165351:31)\n    at Promise._settlePromise (http://localhost:43473/__cypress/runner/cypress_runner.js:165408:18)\n    at Promise._settlePromise0 (http://localhost:43473/__cypress/runner/cypress_runner.js:165453:10)\n    at Promise._settlePromises (http://localhost:43473/__cypress/runner/cypress_runner.js:165528:18)\n    at Async../node_modules/bluebird/js/release/async.js.Async._drainQueue (http://localhost:43473/__cypress/runner/cypress_runner.js:162140:16)\n    at Async../node_modules/bluebird/js/release/async.js.Async._drainQueues (http://localhost:43473/__cypress/runner/cypress_runner.js:162150:10)\n    at Async.drainQueues (http://localhost:43473/__cypress/runner/cypress_runner.js:162024:14)",
                "diff": null
              },
              "uuid": "9ced21cf-6fab-4ea2-a58c-cca4e3efc2fe",
              "parentUUID": "7f56da49-d099-4cb7-93d6-7ecb979ef7e2",
              "isHook": false,
              "skipped": false
            }
          ],
          "suites": [],
          "passes": [
            "45f65034-d91d-4055-95bb-bc967f5060a8"
          ],
          "failures": [
            "9ced21cf-6fab-4ea2-a58c-cca4e3efc2fe"
          ],
          "pending": [],
          "skipped": [],
          "duration": 4353,
          "root": false,
          "rootEmpty": false,
          "_timeout": 2000
        },
        {
          "uuid": "4de6255a-2c3e-40fc-9c2d-fcbcf9145cc7",
          "title": "7 - Clicar em uma das cores da paleta, faz com que ela seja selecionada e utilizada para preencher os pixels no quadro.",
          "fullFile": "",
          "file": "",
          "beforeHooks": [],
          "afterHooks": [],
          "tests": [
            {
              "title": "Verifica se somente uma cor da paleta de cores tem a classe `selected` de cada vez",
              "fullTitle": "7 - Clicar em uma das cores da paleta, faz com que ela seja selecionada e utilizada para preencher os pixels no quadro. Verifica se somente uma cor da paleta de cores tem a classe `selected` de cada vez",
              "timedOut": null,
              "duration": 524,
              "state": "passed",
              "speed": "slow",
              "pass": true,
              "fail": false,
              "pending": false,
              "context": null,
              "code": "cy.get('.color').each(function (selectedColor, selectedColorIndex) {\n  cy.wrap(selectedColor).click();\n  cy.get('.color').each(function (color, colorIndex) {\n    if (colorIndex === selectedColorIndex) {\n      expect(color).to.have[\"class\"]('selected');\n    } else {\n      expect(color).not.to.have[\"class\"]('selected');\n    }\n  });\n});",
              "err": {},
              "uuid": "e0372136-6e05-4a18-9eb0-316e36041559",
              "parentUUID": "4de6255a-2c3e-40fc-9c2d-fcbcf9145cc7",
              "isHook": false,
              "skipped": false
            },
            {
              "title": "Verifica se os pixels dentro do quadro não têm a classe `selected` quando são clicados",
              "fullTitle": "7 - Clicar em uma das cores da paleta, faz com que ela seja selecionada e utilizada para preencher os pixels no quadro. Verifica se os pixels dentro do quadro não têm a classe `selected` quando são clicados",
              "timedOut": null,
              "duration": 8947,
              "state": "passed",
              "speed": "slow",
              "pass": true,
              "fail": false,
              "pending": false,
              "context": null,
              "code": "cy.get('.color').each(function (color) {\n  var backgroundColor = color.css('background-color');\n  cy.wrap(color).click();\n  cy.get('.pixel').each(function (pixel) {\n    cy.wrap(pixel).click().should('not.have.class', 'selected');\n  });\n});",
              "err": {},
              "uuid": "2fbe94d3-2380-4c5e-bc4f-e6dd293c25b0",
              "parentUUID": "4de6255a-2c3e-40fc-9c2d-fcbcf9145cc7",
              "isHook": false,
              "skipped": false
            }
          ],
          "suites": [],
          "passes": [
            "e0372136-6e05-4a18-9eb0-316e36041559",
            "2fbe94d3-2380-4c5e-bc4f-e6dd293c25b0"
          ],
          "failures": [],
          "pending": [],
          "skipped": [],
          "duration": 9471,
          "root": false,
          "rootEmpty": false,
          "_timeout": 2000
        },
        {
          "uuid": "5f78cba5-bcae-4f2d-8774-309dc35f0117",
          "title": "8 - Clicar em um pixel dentro do quadro após selecionar uma cor na paleta, faz com que o pixel seja preenchido com a cor selecionada.",
          "fullFile": "",
          "file": "",
          "beforeHooks": [],
          "afterHooks": [],
          "tests": [
            {
              "title": "Verifica se ao carregar a página deve ser possível pintar os pixels de preto",
              "fullTitle": "8 - Clicar em um pixel dentro do quadro após selecionar uma cor na paleta, faz com que o pixel seja preenchido com a cor selecionada. Verifica se ao carregar a página deve ser possível pintar os pixels de preto",
              "timedOut": null,
              "duration": 2257,
              "state": "passed",
              "speed": "slow",
              "pass": true,
              "fail": false,
              "pending": false,
              "context": null,
              "code": "cy.get('.pixel').each(function (pixel) {\n  cy.wrap(pixel).click().should('have.css', 'background-color', BLACK);\n});",
              "err": {},
              "uuid": "91ce0ed1-4b70-48f2-bd81-344e9d53004d",
              "parentUUID": "5f78cba5-bcae-4f2d-8774-309dc35f0117",
              "isHook": false,
              "skipped": false
            },
            {
              "title": "Verifica se após selecionar uma outra cor na paleta, é possível pintar os pixels com essa cor",
              "fullTitle": "8 - Clicar em um pixel dentro do quadro após selecionar uma cor na paleta, faz com que o pixel seja preenchido com a cor selecionada. Verifica se após selecionar uma outra cor na paleta, é possível pintar os pixels com essa cor",
              "timedOut": null,
              "duration": 8882,
              "state": "passed",
              "speed": "slow",
              "pass": true,
              "fail": false,
              "pending": false,
              "context": null,
              "code": "cy.get('.color').each(function (color) {\n  var backgroundColor = color.css('background-color');\n  cy.wrap(color).click();\n  cy.get('.pixel').each(function (pixel) {\n    cy.wrap(pixel).click().should('have.css', 'background-color', backgroundColor);\n  });\n});",
              "err": {},
              "uuid": "6c500a38-b70f-4d6a-99ac-8187ba786980",
              "parentUUID": "5f78cba5-bcae-4f2d-8774-309dc35f0117",
              "isHook": false,
              "skipped": false
            },
            {
              "title": "Verifica se somente o pixel que foi clicado foi preenchido com a cor selecionada, sem influenciar na cor dos demais pixels.",
              "fullTitle": "8 - Clicar em um pixel dentro do quadro após selecionar uma cor na paleta, faz com que o pixel seja preenchido com a cor selecionada. Verifica se somente o pixel que foi clicado foi preenchido com a cor selecionada, sem influenciar na cor dos demais pixels.",
              "timedOut": null,
              "duration": 2058,
              "state": "passed",
              "speed": "slow",
              "pass": true,
              "fail": false,
              "pending": false,
              "context": null,
              "code": "var colorToPixelIndexMap = {\n  0: 6,\n  1: 8,\n  2: 16,\n  3: 18\n};\ncy.get('.color').each(function (color, index) {\n  cy.wrap(color).click();\n  var backgroundColor = color.css('background-color');\n  var clickedPixelIndex = colorToPixelIndexMap[index];\n  cy.get('.pixel').eq(clickedPixelIndex).click();\n  cy.get('.pixel').eq(clickedPixelIndex - 1).should('not.have.css', 'background-color', backgroundColor);\n  cy.get('.pixel').eq(clickedPixelIndex + 1).should('not.have.css', 'background-color', backgroundColor);\n  cy.get('.pixel').eq(clickedPixelIndex - 5).should('not.have.css', 'background-color', backgroundColor);\n  cy.get('.pixel').eq(clickedPixelIndex + 5).should('not.have.css', 'background-color', backgroundColor);\n  cy.get('.pixel').eq(clickedPixelIndex - 6).should('not.have.css', 'background-color', backgroundColor);\n  cy.get('.pixel').eq(clickedPixelIndex - 4).should('not.have.css', 'background-color', backgroundColor);\n  cy.get('.pixel').eq(clickedPixelIndex + 4).should('not.have.css', 'background-color', backgroundColor);\n  cy.get('.pixel').eq(clickedPixelIndex + 6).should('not.have.css', 'background-color', backgroundColor);\n});",
              "err": {},
              "uuid": "b816f5d1-4e5e-4152-82db-e7411d6b4c47",
              "parentUUID": "5f78cba5-bcae-4f2d-8774-309dc35f0117",
              "isHook": false,
              "skipped": false
            }
          ],
          "suites": [],
          "passes": [
            "91ce0ed1-4b70-48f2-bd81-344e9d53004d",
            "6c500a38-b70f-4d6a-99ac-8187ba786980",
            "b816f5d1-4e5e-4152-82db-e7411d6b4c47"
          ],
          "failures": [],
          "pending": [],
          "skipped": [],
          "duration": 13197,
          "root": false,
          "rootEmpty": false,
          "_timeout": 2000
        },
        {
          "uuid": "8a7b043f-7fba-4eed-8dae-38cfd9bd7534",
          "title": "9 - Crie um botão que, ao ser clicado, limpa o quadro preenchendo a cor de todos seus pixels com branco.",
          "fullFile": "",
          "file": "",
          "beforeHooks": [],
          "afterHooks": [],
          "tests": [
            {
              "title": "Verifica se o botão tem o `id` denominado `clear-board`",
              "fullTitle": "9 - Crie um botão que, ao ser clicado, limpa o quadro preenchendo a cor de todos seus pixels com branco. Verifica se o botão tem o `id` denominado `clear-board`",
              "timedOut": null,
              "duration": 4364,
              "state": "failed",
              "speed": null,
              "pass": false,
              "fail": true,
              "pending": false,
              "context": null,
              "code": "cy.get('#clear-board').should('be.visible');",
              "err": {
                "message": "CypressError: Timed out retrying: Expected to find element: '#clear-board', but never found it.",
                "estack": "CypressError: Timed out retrying: Expected to find element: '#clear-board', but never found it.\n    at cypressErr (http://localhost:43473/__cypress/runner/cypress_runner.js:149934:9)\n    at throwErr (http://localhost:43473/__cypress/runner/cypress_runner.js:149867:11)\n    at Object.throwErrByPath (http://localhost:43473/__cypress/runner/cypress_runner.js:149915:3)\n    at retry (http://localhost:43473/__cypress/runner/cypress_runner.js:144197:19)\n    at onFailFn (http://localhost:43473/__cypress/runner/cypress_runner.js:132448:16)\n    at tryCatcher (http://localhost:43473/__cypress/runner/cypress_runner.js:167415:23)\n    at Promise._settlePromiseFromHandler (http://localhost:43473/__cypress/runner/cypress_runner.js:165351:31)\n    at Promise._settlePromise (http://localhost:43473/__cypress/runner/cypress_runner.js:165408:18)\n    at Promise._settlePromise0 (http://localhost:43473/__cypress/runner/cypress_runner.js:165453:10)\n    at Promise._settlePromises (http://localhost:43473/__cypress/runner/cypress_runner.js:165528:18)\n    at Async../node_modules/bluebird/js/release/async.js.Async._drainQueue (http://localhost:43473/__cypress/runner/cypress_runner.js:162140:16)\n    at Async../node_modules/bluebird/js/release/async.js.Async._drainQueues (http://localhost:43473/__cypress/runner/cypress_runner.js:162150:10)\n    at Async.drainQueues (http://localhost:43473/__cypress/runner/cypress_runner.js:162024:14)",
                "diff": null
              },
              "uuid": "03bcd2a5-4303-4bde-b2bc-b46d262e22f0",
              "parentUUID": "8a7b043f-7fba-4eed-8dae-38cfd9bd7534",
              "isHook": false,
              "skipped": false
            },
            {
              "title": "Verifica se o botão está posicionado entre a paleta de cores e o quadro de pixels",
              "fullTitle": "9 - Crie um botão que, ao ser clicado, limpa o quadro preenchendo a cor de todos seus pixels com branco. Verifica se o botão está posicionado entre a paleta de cores e o quadro de pixels",
              "timedOut": null,
              "duration": 4323,
              "state": "failed",
              "speed": null,
              "pass": false,
              "fail": true,
              "pending": false,
              "context": null,
              "code": "cy.get('#color-palette').then(function (palette) {\n  cy.get('#clear-board').should('be.belowOf', palette);\n});\ncy.get('#clear-board').then(function (clearBtn) {\n  cy.get('#pixel-board').should('be.belowOf', clearBtn);\n});",
              "err": {
                "message": "CypressError: Timed out retrying: Expected to find element: '#clear-board', but never found it.",
                "estack": "CypressError: Timed out retrying: Expected to find element: '#clear-board', but never found it.\n    at cypressErr (http://localhost:43473/__cypress/runner/cypress_runner.js:149934:9)\n    at throwErr (http://localhost:43473/__cypress/runner/cypress_runner.js:149867:11)\n    at Object.throwErrByPath (http://localhost:43473/__cypress/runner/cypress_runner.js:149915:3)\n    at retry (http://localhost:43473/__cypress/runner/cypress_runner.js:144197:19)\n    at onFailFn (http://localhost:43473/__cypress/runner/cypress_runner.js:132448:16)\n    at tryCatcher (http://localhost:43473/__cypress/runner/cypress_runner.js:167415:23)\n    at Promise._settlePromiseFromHandler (http://localhost:43473/__cypress/runner/cypress_runner.js:165351:31)\n    at Promise._settlePromise (http://localhost:43473/__cypress/runner/cypress_runner.js:165408:18)\n    at Promise._settlePromise0 (http://localhost:43473/__cypress/runner/cypress_runner.js:165453:10)\n    at Promise._settlePromises (http://localhost:43473/__cypress/runner/cypress_runner.js:165528:18)\n    at Async../node_modules/bluebird/js/release/async.js.Async._drainQueue (http://localhost:43473/__cypress/runner/cypress_runner.js:162140:16)\n    at Async../node_modules/bluebird/js/release/async.js.Async._drainQueues (http://localhost:43473/__cypress/runner/cypress_runner.js:162150:10)\n    at Async.drainQueues (http://localhost:43473/__cypress/runner/cypress_runner.js:162024:14)",
                "diff": null
              },
              "uuid": "b8225d3a-39ae-4730-a3ac-0db1ce2223d1",
              "parentUUID": "8a7b043f-7fba-4eed-8dae-38cfd9bd7534",
              "isHook": false,
              "skipped": false
            },
            {
              "title": "Verifica se o texto do botão é 'Limpar'",
              "fullTitle": "9 - Crie um botão que, ao ser clicado, limpa o quadro preenchendo a cor de todos seus pixels com branco. Verifica se o texto do botão é 'Limpar'",
              "timedOut": null,
              "duration": 4340,
              "state": "failed",
              "speed": null,
              "pass": false,
              "fail": true,
              "pending": false,
              "context": null,
              "code": "cy.get('#clear-board').should('contain.text', 'Limpar');",
              "err": {
                "message": "CypressError: Timed out retrying: Expected to find element: '#clear-board', but never found it.",
                "estack": "CypressError: Timed out retrying: Expected to find element: '#clear-board', but never found it.\n    at cypressErr (http://localhost:43473/__cypress/runner/cypress_runner.js:149934:9)\n    at throwErr (http://localhost:43473/__cypress/runner/cypress_runner.js:149867:11)\n    at Object.throwErrByPath (http://localhost:43473/__cypress/runner/cypress_runner.js:149915:3)\n    at retry (http://localhost:43473/__cypress/runner/cypress_runner.js:144197:19)\n    at onFailFn (http://localhost:43473/__cypress/runner/cypress_runner.js:132448:16)\n    at tryCatcher (http://localhost:43473/__cypress/runner/cypress_runner.js:167415:23)\n    at Promise._settlePromiseFromHandler (http://localhost:43473/__cypress/runner/cypress_runner.js:165351:31)\n    at Promise._settlePromise (http://localhost:43473/__cypress/runner/cypress_runner.js:165408:18)\n    at Promise._settlePromise0 (http://localhost:43473/__cypress/runner/cypress_runner.js:165453:10)\n    at Promise._settlePromises (http://localhost:43473/__cypress/runner/cypress_runner.js:165528:18)\n    at Async../node_modules/bluebird/js/release/async.js.Async._drainQueue (http://localhost:43473/__cypress/runner/cypress_runner.js:162140:16)\n    at Async../node_modules/bluebird/js/release/async.js.Async._drainQueues (http://localhost:43473/__cypress/runner/cypress_runner.js:162150:10)\n    at Async.drainQueues (http://localhost:43473/__cypress/runner/cypress_runner.js:162024:14)",
                "diff": null
              },
              "uuid": "514f0a8a-fe47-4e6d-b190-87a4cf849b0a",
              "parentUUID": "8a7b043f-7fba-4eed-8dae-38cfd9bd7534",
              "isHook": false,
              "skipped": false
            },
            {
              "title": "Verifica se ao clicar no botão, o quadro de pixels é totalmente preenchido de branco",
              "fullTitle": "9 - Crie um botão que, ao ser clicado, limpa o quadro preenchendo a cor de todos seus pixels com branco. Verifica se ao clicar no botão, o quadro de pixels é totalmente preenchido de branco",
              "timedOut": null,
              "duration": 6433,
              "state": "failed",
              "speed": null,
              "pass": false,
              "fail": true,
              "pending": false,
              "context": null,
              "code": "cy.get('.color').eq(1).then(function (color) {\n  var backgroundColor = color.css('background-color');\n  cy.wrap(color).click();\n  cy.get('.pixel').each(function (pixel) {\n    cy.wrap(pixel).click().should('have.css', 'background-color', backgroundColor);\n  });\n});\ncy.get('#clear-board').click();\ncy.get('.pixel').each(function (pixel) {\n  cy.wrap(pixel).should('have.css', 'background-color', WHITE);\n});",
              "err": {
                "message": "CypressError: Timed out retrying: Expected to find element: '#clear-board', but never found it.",
                "estack": "CypressError: Timed out retrying: Expected to find element: '#clear-board', but never found it.\n    at cypressErr (http://localhost:43473/__cypress/runner/cypress_runner.js:149934:9)\n    at throwErr (http://localhost:43473/__cypress/runner/cypress_runner.js:149867:11)\n    at Object.throwErrByPath (http://localhost:43473/__cypress/runner/cypress_runner.js:149915:3)\n    at retry (http://localhost:43473/__cypress/runner/cypress_runner.js:144197:19)\n    at onFailFn (http://localhost:43473/__cypress/runner/cypress_runner.js:132448:16)\n    at tryCatcher (http://localhost:43473/__cypress/runner/cypress_runner.js:167415:23)\n    at Promise._settlePromiseFromHandler (http://localhost:43473/__cypress/runner/cypress_runner.js:165351:31)\n    at Promise._settlePromise (http://localhost:43473/__cypress/runner/cypress_runner.js:165408:18)\n    at Promise._settlePromise0 (http://localhost:43473/__cypress/runner/cypress_runner.js:165453:10)\n    at Promise._settlePromises (http://localhost:43473/__cypress/runner/cypress_runner.js:165528:18)\n    at Async../node_modules/bluebird/js/release/async.js.Async._drainQueue (http://localhost:43473/__cypress/runner/cypress_runner.js:162140:16)\n    at Async../node_modules/bluebird/js/release/async.js.Async._drainQueues (http://localhost:43473/__cypress/runner/cypress_runner.js:162150:10)\n    at Async.drainQueues (http://localhost:43473/__cypress/runner/cypress_runner.js:162024:14)",
                "diff": null
              },
              "uuid": "ac4b9251-a041-4079-b5ea-0b1ac26aec37",
              "parentUUID": "8a7b043f-7fba-4eed-8dae-38cfd9bd7534",
              "isHook": false,
              "skipped": false
            }
          ],
          "suites": [],
          "passes": [],
          "failures": [
            "03bcd2a5-4303-4bde-b2bc-b46d262e22f0",
            "b8225d3a-39ae-4730-a3ac-0db1ce2223d1",
            "514f0a8a-fe47-4e6d-b190-87a4cf849b0a",
            "ac4b9251-a041-4079-b5ea-0b1ac26aec37"
          ],
          "pending": [],
          "skipped": [],
          "duration": 19460,
          "root": false,
          "rootEmpty": false,
          "_timeout": 2000
        },
        {
          "uuid": "e61aad91-073d-4ea0-ad86-bdadf8bbde9e",
          "title": "10 - Faça o quadro de pixels ter seu tamanho definido pelo usuário.",
          "fullFile": "",
          "file": "",
          "beforeHooks": [],
          "afterHooks": [],
          "tests": [
            {
              "title": "Verifica se existe um input com o id `board-size`",
              "fullTitle": "10 - Faça o quadro de pixels ter seu tamanho definido pelo usuário. Verifica se existe um input com o id `board-size`",
              "timedOut": null,
              "duration": 4399,
              "state": "failed",
              "speed": null,
              "pass": false,
              "fail": true,
              "pending": false,
              "context": null,
              "code": "cy.get('#board-size').should('be.visible');",
              "err": {
                "message": "CypressError: Timed out retrying: Expected to find element: '#board-size', but never found it.",
                "estack": "CypressError: Timed out retrying: Expected to find element: '#board-size', but never found it.\n    at cypressErr (http://localhost:43473/__cypress/runner/cypress_runner.js:149934:9)\n    at throwErr (http://localhost:43473/__cypress/runner/cypress_runner.js:149867:11)\n    at Object.throwErrByPath (http://localhost:43473/__cypress/runner/cypress_runner.js:149915:3)\n    at retry (http://localhost:43473/__cypress/runner/cypress_runner.js:144197:19)\n    at onFailFn (http://localhost:43473/__cypress/runner/cypress_runner.js:132448:16)\n    at tryCatcher (http://localhost:43473/__cypress/runner/cypress_runner.js:167415:23)\n    at Promise._settlePromiseFromHandler (http://localhost:43473/__cypress/runner/cypress_runner.js:165351:31)\n    at Promise._settlePromise (http://localhost:43473/__cypress/runner/cypress_runner.js:165408:18)\n    at Promise._settlePromise0 (http://localhost:43473/__cypress/runner/cypress_runner.js:165453:10)\n    at Promise._settlePromises (http://localhost:43473/__cypress/runner/cypress_runner.js:165528:18)\n    at Async../node_modules/bluebird/js/release/async.js.Async._drainQueue (http://localhost:43473/__cypress/runner/cypress_runner.js:162140:16)\n    at Async../node_modules/bluebird/js/release/async.js.Async._drainQueues (http://localhost:43473/__cypress/runner/cypress_runner.js:162150:10)\n    at Async.drainQueues (http://localhost:43473/__cypress/runner/cypress_runner.js:162024:14)",
                "diff": null
              },
              "uuid": "18977527-4fb3-42eb-b102-183becb33d60",
              "parentUUID": "e61aad91-073d-4ea0-ad86-bdadf8bbde9e",
              "isHook": false,
              "skipped": false
            },
            {
              "title": "Verifica se existe um botão com o id `generate-board`",
              "fullTitle": "10 - Faça o quadro de pixels ter seu tamanho definido pelo usuário. Verifica se existe um botão com o id `generate-board`",
              "timedOut": null,
              "duration": 4403,
              "state": "failed",
              "speed": null,
              "pass": false,
              "fail": true,
              "pending": false,
              "context": null,
              "code": "cy.get('#generate-board').should('be.visible');",
              "err": {
                "message": "CypressError: Timed out retrying: Expected to find element: '#generate-board', but never found it.",
                "estack": "CypressError: Timed out retrying: Expected to find element: '#generate-board', but never found it.\n    at cypressErr (http://localhost:43473/__cypress/runner/cypress_runner.js:149934:9)\n    at throwErr (http://localhost:43473/__cypress/runner/cypress_runner.js:149867:11)\n    at Object.throwErrByPath (http://localhost:43473/__cypress/runner/cypress_runner.js:149915:3)\n    at retry (http://localhost:43473/__cypress/runner/cypress_runner.js:144197:19)\n    at onFailFn (http://localhost:43473/__cypress/runner/cypress_runner.js:132448:16)\n    at tryCatcher (http://localhost:43473/__cypress/runner/cypress_runner.js:167415:23)\n    at Promise._settlePromiseFromHandler (http://localhost:43473/__cypress/runner/cypress_runner.js:165351:31)\n    at Promise._settlePromise (http://localhost:43473/__cypress/runner/cypress_runner.js:165408:18)\n    at Promise._settlePromise0 (http://localhost:43473/__cypress/runner/cypress_runner.js:165453:10)\n    at Promise._settlePromises (http://localhost:43473/__cypress/runner/cypress_runner.js:165528:18)\n    at Async../node_modules/bluebird/js/release/async.js.Async._drainQueue (http://localhost:43473/__cypress/runner/cypress_runner.js:162140:16)\n    at Async../node_modules/bluebird/js/release/async.js.Async._drainQueues (http://localhost:43473/__cypress/runner/cypress_runner.js:162150:10)\n    at Async.drainQueues (http://localhost:43473/__cypress/runner/cypress_runner.js:162024:14)",
                "diff": null
              },
              "uuid": "992b19e8-fc68-4587-8c0a-3c16d87a53fa",
              "parentUUID": "e61aad91-073d-4ea0-ad86-bdadf8bbde9e",
              "isHook": false,
              "skipped": false
            },
            {
              "title": "Verifica se o input só aceita número maiores que zero. Essa restrição deve ser feita usando os atributos do elemento `input`",
              "fullTitle": "10 - Faça o quadro de pixels ter seu tamanho definido pelo usuário. Verifica se o input só aceita número maiores que zero. Essa restrição deve ser feita usando os atributos do elemento `input`",
              "timedOut": null,
              "duration": 4350,
              "state": "failed",
              "speed": null,
              "pass": false,
              "fail": true,
              "pending": false,
              "context": null,
              "code": "cy.get('#board-size[type=\\'number\\'][min=\\'1\\']');",
              "err": {
                "message": "CypressError: Timed out retrying: Expected to find element: '#board-size[type='number'][min='1']', but never found it.",
                "estack": "CypressError: Timed out retrying: Expected to find element: '#board-size[type='number'][min='1']', but never found it.\n    at cypressErr (http://localhost:43473/__cypress/runner/cypress_runner.js:149934:9)\n    at throwErr (http://localhost:43473/__cypress/runner/cypress_runner.js:149867:11)\n    at Object.throwErrByPath (http://localhost:43473/__cypress/runner/cypress_runner.js:149915:3)\n    at retry (http://localhost:43473/__cypress/runner/cypress_runner.js:144197:19)\n    at onFailFn (http://localhost:43473/__cypress/runner/cypress_runner.js:132448:16)\n    at tryCatcher (http://localhost:43473/__cypress/runner/cypress_runner.js:167415:23)\n    at Promise._settlePromiseFromHandler (http://localhost:43473/__cypress/runner/cypress_runner.js:165351:31)\n    at Promise._settlePromise (http://localhost:43473/__cypress/runner/cypress_runner.js:165408:18)\n    at Promise._settlePromise0 (http://localhost:43473/__cypress/runner/cypress_runner.js:165453:10)\n    at Promise._settlePromises (http://localhost:43473/__cypress/runner/cypress_runner.js:165528:18)\n    at Async../node_modules/bluebird/js/release/async.js.Async._drainQueue (http://localhost:43473/__cypress/runner/cypress_runner.js:162140:16)\n    at Async../node_modules/bluebird/js/release/async.js.Async._drainQueues (http://localhost:43473/__cypress/runner/cypress_runner.js:162150:10)\n    at Async.drainQueues (http://localhost:43473/__cypress/runner/cypress_runner.js:162024:14)",
                "diff": null
              },
              "uuid": "f95c6feb-95c7-48de-a3a5-83edbed27f45",
              "parentUUID": "e61aad91-073d-4ea0-ad86-bdadf8bbde9e",
              "isHook": false,
              "skipped": false
            },
            {
              "title": "Verifica se o botão contém o texto 'VQV'",
              "fullTitle": "10 - Faça o quadro de pixels ter seu tamanho definido pelo usuário. Verifica se o botão contém o texto 'VQV'",
              "timedOut": null,
              "duration": 4345,
              "state": "failed",
              "speed": null,
              "pass": false,
              "fail": true,
              "pending": false,
              "context": null,
              "code": "cy.get('#generate-board').contains(/vqv/i);",
              "err": {
                "message": "CypressError: Timed out retrying: Expected to find element: '#generate-board', but never found it.",
                "estack": "CypressError: Timed out retrying: Expected to find element: '#generate-board', but never found it.\n    at cypressErr (http://localhost:43473/__cypress/runner/cypress_runner.js:149934:9)\n    at throwErr (http://localhost:43473/__cypress/runner/cypress_runner.js:149867:11)\n    at Object.throwErrByPath (http://localhost:43473/__cypress/runner/cypress_runner.js:149915:3)\n    at retry (http://localhost:43473/__cypress/runner/cypress_runner.js:144197:19)\n    at onFailFn (http://localhost:43473/__cypress/runner/cypress_runner.js:132448:16)\n    at tryCatcher (http://localhost:43473/__cypress/runner/cypress_runner.js:167415:23)\n    at Promise._settlePromiseFromHandler (http://localhost:43473/__cypress/runner/cypress_runner.js:165351:31)\n    at Promise._settlePromise (http://localhost:43473/__cypress/runner/cypress_runner.js:165408:18)\n    at Promise._settlePromise0 (http://localhost:43473/__cypress/runner/cypress_runner.js:165453:10)\n    at Promise._settlePromises (http://localhost:43473/__cypress/runner/cypress_runner.js:165528:18)\n    at Async../node_modules/bluebird/js/release/async.js.Async._drainQueue (http://localhost:43473/__cypress/runner/cypress_runner.js:162140:16)\n    at Async../node_modules/bluebird/js/release/async.js.Async._drainQueues (http://localhost:43473/__cypress/runner/cypress_runner.js:162150:10)\n    at Async.drainQueues (http://localhost:43473/__cypress/runner/cypress_runner.js:162024:14)",
                "diff": null
              },
              "uuid": "96540fd7-208b-4d78-8c01-e2633f2c7b2a",
              "parentUUID": "e61aad91-073d-4ea0-ad86-bdadf8bbde9e",
              "isHook": false,
              "skipped": false
            },
            {
              "title": "Verifica se o input está posicionado entre a paleta de cores e o quadro de pixels",
              "fullTitle": "10 - Faça o quadro de pixels ter seu tamanho definido pelo usuário. Verifica se o input está posicionado entre a paleta de cores e o quadro de pixels",
              "timedOut": null,
              "duration": 4416,
              "state": "failed",
              "speed": null,
              "pass": false,
              "fail": true,
              "pending": false,
              "context": null,
              "code": "cy.get('#color-palette').then(function (palette) {\n  cy.get('#board-size').should('be.belowOf', palette);\n});\ncy.get('#board-size').then(function (palette) {\n  cy.get('#pixel-board').should('be.belowOf', palette);\n});",
              "err": {
                "message": "CypressError: Timed out retrying: Expected to find element: '#board-size', but never found it.",
                "estack": "CypressError: Timed out retrying: Expected to find element: '#board-size', but never found it.\n    at cypressErr (http://localhost:43473/__cypress/runner/cypress_runner.js:149934:9)\n    at throwErr (http://localhost:43473/__cypress/runner/cypress_runner.js:149867:11)\n    at Object.throwErrByPath (http://localhost:43473/__cypress/runner/cypress_runner.js:149915:3)\n    at retry (http://localhost:43473/__cypress/runner/cypress_runner.js:144197:19)\n    at onFailFn (http://localhost:43473/__cypress/runner/cypress_runner.js:132448:16)\n    at tryCatcher (http://localhost:43473/__cypress/runner/cypress_runner.js:167415:23)\n    at Promise._settlePromiseFromHandler (http://localhost:43473/__cypress/runner/cypress_runner.js:165351:31)\n    at Promise._settlePromise (http://localhost:43473/__cypress/runner/cypress_runner.js:165408:18)\n    at Promise._settlePromise0 (http://localhost:43473/__cypress/runner/cypress_runner.js:165453:10)\n    at Promise._settlePromises (http://localhost:43473/__cypress/runner/cypress_runner.js:165528:18)\n    at Async../node_modules/bluebird/js/release/async.js.Async._drainQueue (http://localhost:43473/__cypress/runner/cypress_runner.js:162140:16)\n    at Async../node_modules/bluebird/js/release/async.js.Async._drainQueues (http://localhost:43473/__cypress/runner/cypress_runner.js:162150:10)\n    at Async.drainQueues (http://localhost:43473/__cypress/runner/cypress_runner.js:162024:14)",
                "diff": null
              },
              "uuid": "15c9725b-321f-474b-812c-6fc0bd014063",
              "parentUUID": "e61aad91-073d-4ea0-ad86-bdadf8bbde9e",
              "isHook": false,
              "skipped": false
            },
            {
              "title": "Verifica se o botão está posicionado ao lado do input",
              "fullTitle": "10 - Faça o quadro de pixels ter seu tamanho definido pelo usuário. Verifica se o botão está posicionado ao lado do input",
              "timedOut": null,
              "duration": 4429,
              "state": "failed",
              "speed": null,
              "pass": false,
              "fail": true,
              "pending": false,
              "context": null,
              "code": "cy.get('#board-size').then(function (board) {\n  cy.get('#generate-board').should('be.onTheRightOf', board);\n});",
              "err": {
                "message": "CypressError: Timed out retrying: Expected to find element: '#board-size', but never found it.",
                "estack": "CypressError: Timed out retrying: Expected to find element: '#board-size', but never found it.\n    at cypressErr (http://localhost:43473/__cypress/runner/cypress_runner.js:149934:9)\n    at throwErr (http://localhost:43473/__cypress/runner/cypress_runner.js:149867:11)\n    at Object.throwErrByPath (http://localhost:43473/__cypress/runner/cypress_runner.js:149915:3)\n    at retry (http://localhost:43473/__cypress/runner/cypress_runner.js:144197:19)\n    at onFailFn (http://localhost:43473/__cypress/runner/cypress_runner.js:132448:16)\n    at tryCatcher (http://localhost:43473/__cypress/runner/cypress_runner.js:167415:23)\n    at Promise._settlePromiseFromHandler (http://localhost:43473/__cypress/runner/cypress_runner.js:165351:31)\n    at Promise._settlePromise (http://localhost:43473/__cypress/runner/cypress_runner.js:165408:18)\n    at Promise._settlePromise0 (http://localhost:43473/__cypress/runner/cypress_runner.js:165453:10)\n    at Promise._settlePromises (http://localhost:43473/__cypress/runner/cypress_runner.js:165528:18)\n    at Async../node_modules/bluebird/js/release/async.js.Async._drainQueue (http://localhost:43473/__cypress/runner/cypress_runner.js:162140:16)\n    at Async../node_modules/bluebird/js/release/async.js.Async._drainQueues (http://localhost:43473/__cypress/runner/cypress_runner.js:162150:10)\n    at Async.drainQueues (http://localhost:43473/__cypress/runner/cypress_runner.js:162024:14)",
                "diff": null
              },
              "uuid": "172e6bc3-bab5-495a-bf02-940465b087f8",
              "parentUUID": "e61aad91-073d-4ea0-ad86-bdadf8bbde9e",
              "isHook": false,
              "skipped": false
            },
            {
              "title": "Verifica se nenhum valor for colocado no input ao clicar no botão, um `alert` é exibido com o texto: 'Board inválido!'",
              "fullTitle": "10 - Faça o quadro de pixels ter seu tamanho definido pelo usuário. Verifica se nenhum valor for colocado no input ao clicar no botão, um `alert` é exibido com o texto: 'Board inválido!'",
              "timedOut": null,
              "duration": 4401,
              "state": "failed",
              "speed": null,
              "pass": false,
              "fail": true,
              "pending": false,
              "context": null,
              "code": "var alerted = false;\ncy.on('window:alert', function (msg) {\n  return alerted = msg;\n});\ncy.get('#generate-board').click().then(function () {\n  return expect(alerted).to.match(/Board inválido!/i);\n});",
              "err": {
                "message": "CypressError: Timed out retrying: Expected to find element: '#generate-board', but never found it.",
                "estack": "CypressError: Timed out retrying: Expected to find element: '#generate-board', but never found it.\n    at cypressErr (http://localhost:43473/__cypress/runner/cypress_runner.js:149934:9)\n    at throwErr (http://localhost:43473/__cypress/runner/cypress_runner.js:149867:11)\n    at Object.throwErrByPath (http://localhost:43473/__cypress/runner/cypress_runner.js:149915:3)\n    at retry (http://localhost:43473/__cypress/runner/cypress_runner.js:144197:19)\n    at onFailFn (http://localhost:43473/__cypress/runner/cypress_runner.js:132448:16)\n    at tryCatcher (http://localhost:43473/__cypress/runner/cypress_runner.js:167415:23)\n    at Promise._settlePromiseFromHandler (http://localhost:43473/__cypress/runner/cypress_runner.js:165351:31)\n    at Promise._settlePromise (http://localhost:43473/__cypress/runner/cypress_runner.js:165408:18)\n    at Promise._settlePromise0 (http://localhost:43473/__cypress/runner/cypress_runner.js:165453:10)\n    at Promise._settlePromises (http://localhost:43473/__cypress/runner/cypress_runner.js:165528:18)\n    at Async../node_modules/bluebird/js/release/async.js.Async._drainQueue (http://localhost:43473/__cypress/runner/cypress_runner.js:162140:16)\n    at Async../node_modules/bluebird/js/release/async.js.Async._drainQueues (http://localhost:43473/__cypress/runner/cypress_runner.js:162150:10)\n    at Async.drainQueues (http://localhost:43473/__cypress/runner/cypress_runner.js:162024:14)",
                "diff": null
              },
              "uuid": "bf0e819c-1677-4573-8f86-276a05e45a83",
              "parentUUID": "e61aad91-073d-4ea0-ad86-bdadf8bbde9e",
              "isHook": false,
              "skipped": false
            },
            {
              "title": "Verifica se ao clicar no botão com um valor preenchido, o tamanho do board muda.",
              "fullTitle": "10 - Faça o quadro de pixels ter seu tamanho definido pelo usuário. Verifica se ao clicar no botão com um valor preenchido, o tamanho do board muda.",
              "timedOut": null,
              "duration": 4364,
              "state": "failed",
              "speed": null,
              "pass": false,
              "fail": true,
              "pending": false,
              "context": null,
              "code": "cy.get('#board-size').clear().type(10);\ncy.get('#generate-board').click();\ncy.get('.pixel').should('have.length', 100);",
              "err": {
                "message": "CypressError: Timed out retrying: Expected to find element: '#board-size', but never found it.",
                "estack": "CypressError: Timed out retrying: Expected to find element: '#board-size', but never found it.\n    at cypressErr (http://localhost:43473/__cypress/runner/cypress_runner.js:149934:9)\n    at throwErr (http://localhost:43473/__cypress/runner/cypress_runner.js:149867:11)\n    at Object.throwErrByPath (http://localhost:43473/__cypress/runner/cypress_runner.js:149915:3)\n    at retry (http://localhost:43473/__cypress/runner/cypress_runner.js:144197:19)\n    at onFailFn (http://localhost:43473/__cypress/runner/cypress_runner.js:132448:16)\n    at tryCatcher (http://localhost:43473/__cypress/runner/cypress_runner.js:167415:23)\n    at Promise._settlePromiseFromHandler (http://localhost:43473/__cypress/runner/cypress_runner.js:165351:31)\n    at Promise._settlePromise (http://localhost:43473/__cypress/runner/cypress_runner.js:165408:18)\n    at Promise._settlePromise0 (http://localhost:43473/__cypress/runner/cypress_runner.js:165453:10)\n    at Promise._settlePromises (http://localhost:43473/__cypress/runner/cypress_runner.js:165528:18)\n    at Async../node_modules/bluebird/js/release/async.js.Async._drainQueue (http://localhost:43473/__cypress/runner/cypress_runner.js:162140:16)\n    at Async../node_modules/bluebird/js/release/async.js.Async._drainQueues (http://localhost:43473/__cypress/runner/cypress_runner.js:162150:10)\n    at Async.drainQueues (http://localhost:43473/__cypress/runner/cypress_runner.js:162024:14)",
                "diff": null
              },
              "uuid": "0688bf87-c7db-44ef-bc2e-af03101c3eaf",
              "parentUUID": "e61aad91-073d-4ea0-ad86-bdadf8bbde9e",
              "isHook": false,
              "skipped": false
            },
            {
              "title": "Verifica se o novo quadro tem todos os pixels preenchidos com a cor branca",
              "fullTitle": "10 - Faça o quadro de pixels ter seu tamanho definido pelo usuário. Verifica se o novo quadro tem todos os pixels preenchidos com a cor branca",
              "timedOut": null,
              "duration": 4387,
              "state": "failed",
              "speed": null,
              "pass": false,
              "fail": true,
              "pending": false,
              "context": null,
              "code": "cy.get('#board-size').clear().type(6);\ncy.get('#generate-board').click();\ncy.get('.pixel').should('have.length', 36).each(function (pixel) {\n  expect(pixel).to.have.css('background-color', WHITE);\n});",
              "err": {
                "message": "CypressError: Timed out retrying: Expected to find element: '#board-size', but never found it.",
                "estack": "CypressError: Timed out retrying: Expected to find element: '#board-size', but never found it.\n    at cypressErr (http://localhost:43473/__cypress/runner/cypress_runner.js:149934:9)\n    at throwErr (http://localhost:43473/__cypress/runner/cypress_runner.js:149867:11)\n    at Object.throwErrByPath (http://localhost:43473/__cypress/runner/cypress_runner.js:149915:3)\n    at retry (http://localhost:43473/__cypress/runner/cypress_runner.js:144197:19)\n    at onFailFn (http://localhost:43473/__cypress/runner/cypress_runner.js:132448:16)\n    at tryCatcher (http://localhost:43473/__cypress/runner/cypress_runner.js:167415:23)\n    at Promise._settlePromiseFromHandler (http://localhost:43473/__cypress/runner/cypress_runner.js:165351:31)\n    at Promise._settlePromise (http://localhost:43473/__cypress/runner/cypress_runner.js:165408:18)\n    at Promise._settlePromise0 (http://localhost:43473/__cypress/runner/cypress_runner.js:165453:10)\n    at Promise._settlePromises (http://localhost:43473/__cypress/runner/cypress_runner.js:165528:18)\n    at Async../node_modules/bluebird/js/release/async.js.Async._drainQueue (http://localhost:43473/__cypress/runner/cypress_runner.js:162140:16)\n    at Async../node_modules/bluebird/js/release/async.js.Async._drainQueues (http://localhost:43473/__cypress/runner/cypress_runner.js:162150:10)\n    at Async.drainQueues (http://localhost:43473/__cypress/runner/cypress_runner.js:162024:14)",
                "diff": null
              },
              "uuid": "c2e61892-2fd6-48ab-a4e0-34db494cbaea",
              "parentUUID": "e61aad91-073d-4ea0-ad86-bdadf8bbde9e",
              "isHook": false,
              "skipped": false
            }
          ],
          "suites": [],
          "passes": [],
          "failures": [
            "18977527-4fb3-42eb-b102-183becb33d60",
            "992b19e8-fc68-4587-8c0a-3c16d87a53fa",
            "f95c6feb-95c7-48de-a3a5-83edbed27f45",
            "96540fd7-208b-4d78-8c01-e2633f2c7b2a",
            "15c9725b-321f-474b-812c-6fc0bd014063",
            "172e6bc3-bab5-495a-bf02-940465b087f8",
            "bf0e819c-1677-4573-8f86-276a05e45a83",
            "0688bf87-c7db-44ef-bc2e-af03101c3eaf",
            "c2e61892-2fd6-48ab-a4e0-34db494cbaea"
          ],
          "pending": [],
          "skipped": [],
          "duration": 39494,
          "root": false,
          "rootEmpty": false,
          "_timeout": 2000
        },
        {
          "uuid": "773731b3-3127-4226-bd35-0ca67831bd90",
          "title": "11 - Limite o tamanho mínimo e máximo do board.",
          "fullFile": "",
          "file": "",
          "beforeHooks": [],
          "afterHooks": [],
          "tests": [
            {
              "title": "Verifica se a altura máxima do board é 50",
              "fullTitle": "11 - Limite o tamanho mínimo e máximo do board. Verifica se a altura máxima do board é 50",
              "timedOut": null,
              "duration": 4389,
              "state": "failed",
              "speed": null,
              "pass": false,
              "fail": true,
              "pending": false,
              "context": null,
              "code": "cy.get('#board-size').clear().type(50);\ncy.get('#generate-board').click();\ncy.get('.pixel').should('have.length', 2500);",
              "err": {
                "message": "CypressError: Timed out retrying: Expected to find element: '#board-size', but never found it.",
                "estack": "CypressError: Timed out retrying: Expected to find element: '#board-size', but never found it.\n    at cypressErr (http://localhost:43473/__cypress/runner/cypress_runner.js:149934:9)\n    at throwErr (http://localhost:43473/__cypress/runner/cypress_runner.js:149867:11)\n    at Object.throwErrByPath (http://localhost:43473/__cypress/runner/cypress_runner.js:149915:3)\n    at retry (http://localhost:43473/__cypress/runner/cypress_runner.js:144197:19)\n    at onFailFn (http://localhost:43473/__cypress/runner/cypress_runner.js:132448:16)\n    at tryCatcher (http://localhost:43473/__cypress/runner/cypress_runner.js:167415:23)\n    at Promise._settlePromiseFromHandler (http://localhost:43473/__cypress/runner/cypress_runner.js:165351:31)\n    at Promise._settlePromise (http://localhost:43473/__cypress/runner/cypress_runner.js:165408:18)\n    at Promise._settlePromise0 (http://localhost:43473/__cypress/runner/cypress_runner.js:165453:10)\n    at Promise._settlePromises (http://localhost:43473/__cypress/runner/cypress_runner.js:165528:18)\n    at Async../node_modules/bluebird/js/release/async.js.Async._drainQueue (http://localhost:43473/__cypress/runner/cypress_runner.js:162140:16)\n    at Async../node_modules/bluebird/js/release/async.js.Async._drainQueues (http://localhost:43473/__cypress/runner/cypress_runner.js:162150:10)\n    at Async.drainQueues (http://localhost:43473/__cypress/runner/cypress_runner.js:162024:14)",
                "diff": null
              },
              "uuid": "1d933f7c-f736-4a30-bbf9-104cdf8e8a1f",
              "parentUUID": "773731b3-3127-4226-bd35-0ca67831bd90",
              "isHook": false,
              "skipped": false
            },
            {
              "title": "Verifica se a altura do board é 5 quando um valor menor é colocado no input",
              "fullTitle": "11 - Limite o tamanho mínimo e máximo do board. Verifica se a altura do board é 5 quando um valor menor é colocado no input",
              "timedOut": null,
              "duration": 4389,
              "state": "failed",
              "speed": null,
              "pass": false,
              "fail": true,
              "pending": false,
              "context": null,
              "code": "cy.get('#board-size').clear().type(4);\ncy.get('#generate-board').click();\ncy.get('.pixel').should('have.length', 25);",
              "err": {
                "message": "CypressError: Timed out retrying: Expected to find element: '#board-size', but never found it.",
                "estack": "CypressError: Timed out retrying: Expected to find element: '#board-size', but never found it.\n    at cypressErr (http://localhost:43473/__cypress/runner/cypress_runner.js:149934:9)\n    at throwErr (http://localhost:43473/__cypress/runner/cypress_runner.js:149867:11)\n    at Object.throwErrByPath (http://localhost:43473/__cypress/runner/cypress_runner.js:149915:3)\n    at retry (http://localhost:43473/__cypress/runner/cypress_runner.js:144197:19)\n    at onFailFn (http://localhost:43473/__cypress/runner/cypress_runner.js:132448:16)\n    at tryCatcher (http://localhost:43473/__cypress/runner/cypress_runner.js:167415:23)\n    at Promise._settlePromiseFromHandler (http://localhost:43473/__cypress/runner/cypress_runner.js:165351:31)\n    at Promise._settlePromise (http://localhost:43473/__cypress/runner/cypress_runner.js:165408:18)\n    at Promise._settlePromise0 (http://localhost:43473/__cypress/runner/cypress_runner.js:165453:10)\n    at Promise._settlePromises (http://localhost:43473/__cypress/runner/cypress_runner.js:165528:18)\n    at Async../node_modules/bluebird/js/release/async.js.Async._drainQueue (http://localhost:43473/__cypress/runner/cypress_runner.js:162140:16)\n    at Async../node_modules/bluebird/js/release/async.js.Async._drainQueues (http://localhost:43473/__cypress/runner/cypress_runner.js:162150:10)\n    at Async.drainQueues (http://localhost:43473/__cypress/runner/cypress_runner.js:162024:14)",
                "diff": null
              },
              "uuid": "df6887d2-b7d8-435c-b81b-d71882596a15",
              "parentUUID": "773731b3-3127-4226-bd35-0ca67831bd90",
              "isHook": false,
              "skipped": false
            },
            {
              "title": "Verifica se a altura do board é 50 quando um valor maior é colocado no input",
              "fullTitle": "11 - Limite o tamanho mínimo e máximo do board. Verifica se a altura do board é 50 quando um valor maior é colocado no input",
              "timedOut": null,
              "duration": 4384,
              "state": "failed",
              "speed": null,
              "pass": false,
              "fail": true,
              "pending": false,
              "context": null,
              "code": "cy.get('#board-size').clear().type(51);\ncy.get('#generate-board').click();\ncy.get('.pixel').should('have.length', 2500);",
              "err": {
                "message": "CypressError: Timed out retrying: Expected to find element: '#board-size', but never found it.",
                "estack": "CypressError: Timed out retrying: Expected to find element: '#board-size', but never found it.\n    at cypressErr (http://localhost:43473/__cypress/runner/cypress_runner.js:149934:9)\n    at throwErr (http://localhost:43473/__cypress/runner/cypress_runner.js:149867:11)\n    at Object.throwErrByPath (http://localhost:43473/__cypress/runner/cypress_runner.js:149915:3)\n    at retry (http://localhost:43473/__cypress/runner/cypress_runner.js:144197:19)\n    at onFailFn (http://localhost:43473/__cypress/runner/cypress_runner.js:132448:16)\n    at tryCatcher (http://localhost:43473/__cypress/runner/cypress_runner.js:167415:23)\n    at Promise._settlePromiseFromHandler (http://localhost:43473/__cypress/runner/cypress_runner.js:165351:31)\n    at Promise._settlePromise (http://localhost:43473/__cypress/runner/cypress_runner.js:165408:18)\n    at Promise._settlePromise0 (http://localhost:43473/__cypress/runner/cypress_runner.js:165453:10)\n    at Promise._settlePromises (http://localhost:43473/__cypress/runner/cypress_runner.js:165528:18)\n    at Async../node_modules/bluebird/js/release/async.js.Async._drainQueue (http://localhost:43473/__cypress/runner/cypress_runner.js:162140:16)\n    at Async../node_modules/bluebird/js/release/async.js.Async._drainQueues (http://localhost:43473/__cypress/runner/cypress_runner.js:162150:10)\n    at Async.drainQueues (http://localhost:43473/__cypress/runner/cypress_runner.js:162024:14)",
                "diff": null
              },
              "uuid": "5e06a8e3-871b-4f78-ad39-9001fde3bda5",
              "parentUUID": "773731b3-3127-4226-bd35-0ca67831bd90",
              "isHook": false,
              "skipped": false
            }
          ],
          "suites": [],
          "passes": [],
          "failures": [
            "1d933f7c-f736-4a30-bbf9-104cdf8e8a1f",
            "df6887d2-b7d8-435c-b81b-d71882596a15",
            "5e06a8e3-871b-4f78-ad39-9001fde3bda5"
          ],
          "pending": [],
          "skipped": [],
          "duration": 13162,
          "root": false,
          "rootEmpty": false,
          "_timeout": 2000
        },
        {
          "uuid": "2f3d2e95-b4ca-49f7-acab-a892d4ed0cc4",
          "title": "12 - Faça com que as cores da paleta sejam geradas aleatoriamente ao carregar a página.",
          "fullFile": "",
          "file": "",
          "beforeHooks": [],
          "afterHooks": [],
          "tests": [
            {
              "title": "Verifica se as cores geradas na paleta são diferentes a cada carregamento da página",
              "fullTitle": "12 - Faça com que as cores da paleta sejam geradas aleatoriamente ao carregar a página. Verifica se as cores geradas na paleta são diferentes a cada carregamento da página",
              "timedOut": null,
              "duration": 504,
              "state": "failed",
              "speed": null,
              "pass": false,
              "fail": true,
              "pending": false,
              "context": null,
              "code": "cy.get('.color').then(function (colors) {\n  var currentColors;\n  var previousColors;\n  previousColors = Array.from(colors).map(function (color) {\n    return Cypress.$(color).css('background-color');\n  });\n  for (var i = 0; i < 5; i += 1) {\n    cy.reload();\n    cy.get('.color').then(function (colors) {\n      currentColors = Array.from(colors).map(function (color) {\n        return Cypress.$(color).css('background-color');\n      });\n      expect(currentColors).not.to.deep.equal(previousColors);\n      previousColors = currentColors;\n    });\n  }\n});",
              "err": {
                "message": "AssertionError: expected [ Array(4) ] to not deeply equal [ Array(4) ]",
                "estack": "AssertionError: expected [ Array(4) ] to not deeply equal [ Array(4) ]\n    at getRet (http://localhost:43473/__cypress/runner/cypress_runner.js:136585:16)\n    at tryCatcher (http://localhost:43473/__cypress/runner/cypress_runner.js:167415:23)\n    at Function.Promise.attempt.Promise.try (http://localhost:43473/__cypress/runner/cypress_runner.js:164690:29)\n    at Context.thenFn (http://localhost:43473/__cypress/runner/cypress_runner.js:136599:23)\n    at Context.then (http://localhost:43473/__cypress/runner/cypress_runner.js:136971:21)\n    at Context.<anonymous> (http://localhost:43473/__cypress/runner/cypress_runner.js:148875:21)\n    at http://localhost:43473/__cypress/runner/cypress_runner.js:148351:33\n    at tryCatcher (http://localhost:43473/__cypress/runner/cypress_runner.js:167415:23)\n    at Promise._settlePromiseFromHandler (http://localhost:43473/__cypress/runner/cypress_runner.js:165351:31)\n    at Promise._settlePromise (http://localhost:43473/__cypress/runner/cypress_runner.js:165408:18)\n    at Promise._settlePromiseCtx (http://localhost:43473/__cypress/runner/cypress_runner.js:165445:10)\n    at Async../node_modules/bluebird/js/release/async.js.Async._drainQueue (http://localhost:43473/__cypress/runner/cypress_runner.js:162145:12)\n    at Async../node_modules/bluebird/js/release/async.js.Async._drainQueues (http://localhost:43473/__cypress/runner/cypress_runner.js:162150:10)\n    at Async.drainQueues (http://localhost:43473/__cypress/runner/cypress_runner.js:162024:14)",
                "diff": ""
              },
              "uuid": "47eabd0d-aa46-4dd1-8aee-c604d932610f",
              "parentUUID": "2f3d2e95-b4ca-49f7-acab-a892d4ed0cc4",
              "isHook": false,
              "skipped": false
            },
            {
              "title": "Verifica se a cor preta ainda está presente e é a primeira na sua paleta de cores",
              "fullTitle": "12 - Faça com que as cores da paleta sejam geradas aleatoriamente ao carregar a página. Verifica se a cor preta ainda está presente e é a primeira na sua paleta de cores",
              "timedOut": null,
              "duration": 523,
              "state": "failed",
              "speed": null,
              "pass": false,
              "fail": true,
              "pending": false,
              "context": null,
              "code": "cy.get('.color').then(function (colors) {\n  var currentColors;\n  var previousColors;\n  previousColors = Array.from(colors).map(function (color) {\n    return Cypress.$(color).css('background-color');\n  });\n  expect(previousColors[0]).to.eq(BLACK);\n  for (var i = 0; i < 5; i += 1) {\n    cy.reload();\n    cy.get('.color').then(function (colors) {\n      currentColors = Array.from(colors).map(function (color) {\n        return Cypress.$(color).css('background-color');\n      });\n      expect(currentColors[0]).to.eq(BLACK);\n      expect(currentColors).not.to.deep.equal(previousColors);\n      previousColors = currentColors;\n    });\n  }\n});",
              "err": {
                "message": "AssertionError: expected [ Array(4) ] to not deeply equal [ Array(4) ]",
                "estack": "AssertionError: expected [ Array(4) ] to not deeply equal [ Array(4) ]\n    at getRet (http://localhost:43473/__cypress/runner/cypress_runner.js:136585:16)\n    at tryCatcher (http://localhost:43473/__cypress/runner/cypress_runner.js:167415:23)\n    at Function.Promise.attempt.Promise.try (http://localhost:43473/__cypress/runner/cypress_runner.js:164690:29)\n    at Context.thenFn (http://localhost:43473/__cypress/runner/cypress_runner.js:136599:23)\n    at Context.then (http://localhost:43473/__cypress/runner/cypress_runner.js:136971:21)\n    at Context.<anonymous> (http://localhost:43473/__cypress/runner/cypress_runner.js:148875:21)\n    at http://localhost:43473/__cypress/runner/cypress_runner.js:148351:33\n    at tryCatcher (http://localhost:43473/__cypress/runner/cypress_runner.js:167415:23)\n    at Promise._settlePromiseFromHandler (http://localhost:43473/__cypress/runner/cypress_runner.js:165351:31)\n    at Promise._settlePromise (http://localhost:43473/__cypress/runner/cypress_runner.js:165408:18)\n    at Promise._settlePromiseCtx (http://localhost:43473/__cypress/runner/cypress_runner.js:165445:10)\n    at Async../node_modules/bluebird/js/release/async.js.Async._drainQueue (http://localhost:43473/__cypress/runner/cypress_runner.js:162145:12)\n    at Async../node_modules/bluebird/js/release/async.js.Async._drainQueues (http://localhost:43473/__cypress/runner/cypress_runner.js:162150:10)\n    at Async.drainQueues (http://localhost:43473/__cypress/runner/cypress_runner.js:162024:14)",
                "diff": ""
              },
              "uuid": "aa8801a3-2f71-4df8-bb5a-d754f49183e7",
              "parentUUID": "2f3d2e95-b4ca-49f7-acab-a892d4ed0cc4",
              "isHook": false,
              "skipped": false
            }
          ],
          "suites": [],
          "passes": [],
          "failures": [
            "47eabd0d-aa46-4dd1-8aee-c604d932610f",
            "aa8801a3-2f71-4df8-bb5a-d754f49183e7"
          ],
          "pending": [],
          "skipped": [],
          "duration": 1027,
          "root": false,
          "rootEmpty": false,
          "_timeout": 2000
        }
      ],
      "passes": [],
      "failures": [],
      "pending": [],
      "skipped": [],
      "duration": 0,
      "root": true,
      "rootEmpty": true,
      "_timeout": 2000
    }
  ],
  "meta": {
    "mocha": {
      "version": "7.0.1"
    },
    "mochawesome": {
      "options": {
        "quiet": false,
        "reportFilename": "mochawesome",
        "saveHtml": false,
        "saveJson": true,
        "consoleReporter": "spec",
        "useInlineDiffs": false
      },
      "version": "4.1.0"
    },
    "marge": {
      "options": {
        "id": "default",
        "reportDir": "cypress/reports",
        "overwrite": true,
        "html": false,
        "json": true
      },
      "version": "4.1.0"
    }
  }
}